2017-02-22 23:02:02.102 INFO  SanityTC -Begin suite 1
2017-02-22 23:02:02.119 INFO  SanityTC -Start test Case 1
2017-02-22 23:02:06.449 INFO  SanityTC -Finish test  1
2017-02-22 23:02:17.135 INFO  RegressionTC -Begin suite 1
2017-02-22 23:02:17.137 INFO  RegressionTC -Start test Case 1
2017-02-22 23:02:21.153 INFO  RegressionTC -Finish test  1
2017-02-22 23:02:21.158 INFO  SanityTC -Start test Case 2
2017-02-22 23:02:21.785 INFO  SanityTC -Finish test  2
2017-02-22 23:02:26.222 INFO  SanityTC -Finish suite 1
2017-02-22 23:02:26.224 INFO  RegressionTC -Start test Case 2
2017-02-22 23:02:26.631 INFO  RegressionTC -Finish test  2
2017-02-22 23:02:31.091 INFO  RegressionTC -Finish suite 1
2017-05-22 23:05:30.494 INFO  SanityTC -Begin suite 1
2017-05-22 23:05:30.513 INFO  SanityTC -Start test Case 1
2017-05-22 23:05:35.392 INFO  SanityTC -Finish test  1
2017-05-22 23:05:43.904 INFO  RegressionTC -Begin suite 1
2017-05-22 23:05:43.906 INFO  RegressionTC -Start test Case 1
2017-05-22 23:05:44.979 INFO  RegressionTC -Finish test  1
2017-05-22 23:05:44.983 INFO  SanityTC -Start test Case 2
2017-05-22 23:05:45.414 INFO  SanityTC -Finish test  2
2017-05-22 23:05:49.963 INFO  SanityTC -Finish suite 1
2017-05-22 23:05:49.963 INFO  RegressionTC -Start test Case 2
2017-05-22 23:05:50.166 INFO  RegressionTC -Finish test  2
2017-05-22 23:05:55.098 INFO  RegressionTC -Finish suite 1
2017-07-22 23:07:36.691 INFO  SanityTC -Begin suite 1
2017-07-22 23:07:36.711 INFO  SanityTC -Start test Case 1
2017-07-22 23:07:40.815 INFO  SanityTC -Finish test  1
2017-07-22 23:07:48.896 INFO  RegressionTC -Begin suite 1
2017-07-22 23:07:48.899 INFO  RegressionTC -Start test Case 1
2017-07-22 23:07:50.079 INFO  RegressionTC -Finish test  1
2017-07-22 23:07:50.087 INFO  SanityTC -Start test Case 2
2017-07-22 23:07:50.510 INFO  SanityTC -Finish test  2
2017-07-22 23:07:55.056 INFO  SanityTC -Finish suite 1
2017-07-22 23:07:55.056 INFO  RegressionTC -Start test Case 2
2017-07-22 23:07:55.264 INFO  RegressionTC -Finish test  2
2017-08-22 23:08:00.100 INFO  RegressionTC -Finish suite 1
